Output: Graphics/Displays:

    Apple M2:

      Chipset Model: Apple M2
      Type: GPU
      Bus: Built-In
      Total Number of Cores: 8
      Vendor: Apple (0x106b)
      Metal Support: Metal 3
      Displays:
        Color LCD:
          Display Type: Built-in Liquid Retina Display
          Resolution: 2560 x 1664 Retina
          Main Display: Yes
          Mirror: Off
          Online: Yes
          Automatically Adjust Brightness: Yes
          Connection Type: Internal


Model: Apple M2
E-Core Count: 4
P-Core Count: 4
GPU Core Count: 8
